<?xml version="1.0" encoding="UTF-8"?>
<!DOCTYPE suite SYSTEM "http://testng.org/testng-1.0.dtd">

<suite name="example test suite" verbose="1" parallel="tests" thread-count="1" configfailurepolicy="continue">
    <parameter name="driverName" value="chromedriver.exe"/>
    <test name="example run" annotations="JDK">
        <classes>
            <class name="com.example.automation.tests.AutomationTest" />
        </classes>
    </test>
</suite>